<?xml version="1.0" encoding="utf-8"?><testsuites name="pytest tests"><testsuite name="pytest" errors="0" failures="1" skipped="0" tests="29" time="8.247" timestamp="2026-04-13T00:20:54.499116+00:00" hostname="agent-env-24ac97dd-4efa-4d77-92cd-855aa9dc2d7b"><testcase classname="tests.test_skyflow_api.TestHealthCheck" name="test_root_endpoint" time="0.281" /><testcase classname="tests.test_skyflow_api.TestHealthCheck" name="test_health_endpoint" time="0.152" /><testcase classname="tests.test_skyflow_api.TestDemoAuth" name="test_demo_login_passenger" time="0.174" /><testcase classname="tests.test_skyflow_api.TestDemoAuth" name="test_demo_login_staff" time="0.155" /><testcase classname="tests.test_skyflow_api.TestDemoAuth" name="test_demo_login_admin" time="0.119" /><testcase classname="tests.test_skyflow_api.TestDemoAuth" name="test_demo_login_invalid_role" time="0.158" /><testcase classname="tests.test_skyflow_api.TestAuthValidation" name="test_auth_me_with_valid_token" time="0.275" /><testcase classname="tests.test_skyflow_api.TestAuthValidation" name="test_auth_me_without_token" time="0.158" /><testcase classname="tests.test_skyflow_api.TestAuthValidation" name="test_auth_me_with_invalid_token" time="0.133" /><testcase classname="tests.test_skyflow_api.TestAuthValidation" name="test_logout" time="0.284" /><testcase classname="tests.test_skyflow_api.TestPassengerEndpoints" name="test_get_my_booking_as_passenger" time="0.280" /><testcase classname="tests.test_skyflow_api.TestPassengerEndpoints" name="test_get_my_booking_without_auth" time="0.128" /><testcase classname="tests.test_skyflow_api.TestStaffEndpoints" name="test_get_current_flight_as_staff" time="0.279" /><testcase classname="tests.test_skyflow_api.TestStaffEndpoints" name="test_get_current_flight_as_passenger_forbidden" time="0.267" /><testcase classname="tests.test_skyflow_api.TestStaffEndpoints" name="test_update_flight_status" time="0.534" /><testcase classname="tests.test_skyflow_api.TestStaffEndpoints" name="test_update_boarding_phase" time="0.416" /><testcase classname="tests.test_skyflow_api.TestStaffEndpoints" name="test_notify_priority_group" time="0.416" /><testcase classname="tests.test_skyflow_api.TestStaffEndpoints" name="test_notify_zone" time="0.412" /><testcase classname="tests.test_skyflow_api.TestStaffEndpoints" name="test_confirm_boarding" time="0.410"><failure message="assert 404 == 200&#10; +  where 404 = &lt;Response [404]&gt;.status_code">tests/test_skyflow_api.py:365: in test_confirm_boarding
    assert response.status_code == 200
E   assert 404 == 200
E    +  where 404 = &lt;Response [404]&gt;.status_code</failure></testcase><testcase classname="tests.test_skyflow_api.TestAdminEndpoints" name="test_get_admin_dashboard" time="0.300" /><testcase classname="tests.test_skyflow_api.TestAdminEndpoints" name="test_get_admin_dashboard_as_staff_forbidden" time="0.263" /><testcase classname="tests.test_skyflow_api.TestAdminEndpoints" name="test_get_all_flights" time="0.271" /><testcase classname="tests.test_skyflow_api.TestAdminEndpoints" name="test_create_flight_and_verify" time="0.403" /><testcase classname="tests.test_skyflow_api.TestAdminEndpoints" name="test_get_analytics" time="0.312" /><testcase classname="tests.test_skyflow_api.TestRoleBasedAccessControl" name="test_passenger_cannot_access_staff_endpoints" time="0.273" /><testcase classname="tests.test_skyflow_api.TestRoleBasedAccessControl" name="test_passenger_cannot_access_admin_endpoints" time="0.297" /><testcase classname="tests.test_skyflow_api.TestRoleBasedAccessControl" name="test_staff_cannot_access_admin_endpoints" time="0.287" /><testcase classname="tests.test_skyflow_api.TestRoleBasedAccessControl" name="test_staff_can_access_staff_endpoints" time="0.314" /><testcase classname="tests.test_skyflow_api.TestRoleBasedAccessControl" name="test_admin_can_access_staff_endpoints" time="0.261" /></testsuite></testsuites>